

Started GET "/" for ::1 at 2016-05-11 15:00:24 -0400

ActiveRecord::PendingMigrationError (

Migrations are pending. To resolve this issue, run:

	bin/rake db:migrate RAILS_ENV=development

):
  activerecord (4.2.5.2) lib/active_record/migration.rb:392:in `check_pending!'
  activerecord (4.2.5.2) lib/active_record/migration.rb:373:in `call'
  actionpack (4.2.5.2) lib/action_dispatch/middleware/callbacks.rb:29:in `block in call'
  activesupport (4.2.5.2) lib/active_support/callbacks.rb:88:in `__run_callbacks__'
  activesupport (4.2.5.2) lib/active_support/callbacks.rb:778:in `_run_call_callbacks'
  activesupport (4.2.5.2) lib/active_support/callbacks.rb:81:in `run_callbacks'
  actionpack (4.2.5.2) lib/action_dispatch/middleware/callbacks.rb:27:in `call'
  actionpack (4.2.5.2) lib/action_dispatch/middleware/reloader.rb:73:in `call'
  actionpack (4.2.5.2) lib/action_dispatch/middleware/remote_ip.rb:78:in `call'
  actionpack (4.2.5.2) lib/action_dispatch/middleware/debug_exceptions.rb:17:in `call'
  web-console (2.3.0) lib/web_console/middleware.rb:28:in `block in call'
  web-console (2.3.0) lib/web_console/middleware.rb:18:in `catch'
  web-console (2.3.0) lib/web_console/middleware.rb:18:in `call'
  actionpack (4.2.5.2) lib/action_dispatch/middleware/show_exceptions.rb:30:in `call'
  railties (4.2.5.2) lib/rails/rack/logger.rb:38:in `call_app'
  railties (4.2.5.2) lib/rails/rack/logger.rb:20:in `block in call'
  activesupport (4.2.5.2) lib/active_support/tagged_logging.rb:68:in `block in tagged'
  activesupport (4.2.5.2) lib/active_support/tagged_logging.rb:26:in `tagged'
  activesupport (4.2.5.2) lib/active_support/tagged_logging.rb:68:in `tagged'
  railties (4.2.5.2) lib/rails/rack/logger.rb:20:in `call'
  actionpack (4.2.5.2) lib/action_dispatch/middleware/request_id.rb:21:in `call'
  rack (1.6.4) lib/rack/methodoverride.rb:22:in `call'
  rack (1.6.4) lib/rack/runtime.rb:18:in `call'
  activesupport (4.2.5.2) lib/active_support/cache/strategy/local_cache_middleware.rb:28:in `call'
  rack (1.6.4) lib/rack/lock.rb:17:in `call'
  actionpack (4.2.5.2) lib/action_dispatch/middleware/static.rb:116:in `call'
  rack (1.6.4) lib/rack/sendfile.rb:113:in `call'
  railties (4.2.5.2) lib/rails/engine.rb:518:in `call'
  railties (4.2.5.2) lib/rails/application.rb:165:in `call'
  rack (1.6.4) lib/rack/lock.rb:17:in `call'
  rack (1.6.4) lib/rack/content_length.rb:15:in `call'
  rack (1.6.4) lib/rack/handler/webrick.rb:88:in `service'
  /System/Library/Frameworks/Ruby.framework/Versions/2.0/usr/lib/ruby/2.0.0/webrick/httpserver.rb:138:in `service'
  /System/Library/Frameworks/Ruby.framework/Versions/2.0/usr/lib/ruby/2.0.0/webrick/httpserver.rb:94:in `run'
  /System/Library/Frameworks/Ruby.framework/Versions/2.0/usr/lib/ruby/2.0.0/webrick/server.rb:295:in `block in start_thread'


  Rendered /Library/Ruby/Gems/2.0.0/gems/actionpack-4.2.5.2/lib/action_dispatch/middleware/templates/rescues/_source.erb (2.0ms)
  Rendered /Library/Ruby/Gems/2.0.0/gems/actionpack-4.2.5.2/lib/action_dispatch/middleware/templates/rescues/_trace.html.erb (1.1ms)
  Rendered /Library/Ruby/Gems/2.0.0/gems/actionpack-4.2.5.2/lib/action_dispatch/middleware/templates/rescues/_request_and_response.html.erb (0.7ms)
  Rendered /Library/Ruby/Gems/2.0.0/gems/actionpack-4.2.5.2/lib/action_dispatch/middleware/templates/rescues/diagnostics.html.erb within rescues/layout (23.6ms)
  Rendered /Library/Ruby/Gems/2.0.0/gems/web-console-2.3.0/lib/web_console/templates/_markup.html.erb (0.4ms)
  Rendered /Library/Ruby/Gems/2.0.0/gems/web-console-2.3.0/lib/web_console/templates/_inner_console_markup.html.erb within layouts/inlined_string (0.3ms)
  Rendered /Library/Ruby/Gems/2.0.0/gems/web-console-2.3.0/lib/web_console/templates/_prompt_box_markup.html.erb within layouts/inlined_string (0.3ms)
  Rendered /Library/Ruby/Gems/2.0.0/gems/web-console-2.3.0/lib/web_console/templates/style.css.erb within layouts/inlined_string (0.3ms)
  Rendered /Library/Ruby/Gems/2.0.0/gems/web-console-2.3.0/lib/web_console/templates/console.js.erb within layouts/javascript (36.8ms)
  Rendered /Library/Ruby/Gems/2.0.0/gems/web-console-2.3.0/lib/web_console/templates/main.js.erb within layouts/javascript (0.4ms)
  Rendered /Library/Ruby/Gems/2.0.0/gems/web-console-2.3.0/lib/web_console/templates/error_page.js.erb within layouts/javascript (0.4ms)
  Rendered /Library/Ruby/Gems/2.0.0/gems/web-console-2.3.0/lib/web_console/templates/index.html.erb (86.9ms)
  [1m[36m (1.7ms)[0m  [1mCREATE TABLE "schema_migrations" ("version" varchar NOT NULL) [0m
  [1m[35m (0.4ms)[0m  select sqlite_version(*)
  [1m[36m (1.6ms)[0m  [1mCREATE UNIQUE INDEX "unique_schema_migrations" ON "schema_migrations" ("version")[0m
  [1m[35mActiveRecord::SchemaMigration Load (0.1ms)[0m  SELECT "schema_migrations".* FROM "schema_migrations"
Migrating to CreateUsers (20160329200120)
  [1m[36m (0.1ms)[0m  [1mbegin transaction[0m
  [1m[35m (0.4ms)[0m  CREATE TABLE "users" ("id" INTEGER PRIMARY KEY AUTOINCREMENT NOT NULL, "location" varchar, "allergies" varchar, "weather" boolean, "mood" boolean, "healthy" boolean, "spicy" boolean, "price" boolean, "created_at" datetime NOT NULL, "updated_at" datetime NOT NULL) 
  [1m[36mSQL (0.3ms)[0m  [1mINSERT INTO "schema_migrations" ("version") VALUES (?)[0m  [["version", "20160329200120"]]
  [1m[35m (1.6ms)[0m  commit transaction
Migrating to AddLatitudeAndLongitudeToUsers (20160330212740)
  [1m[36m (0.1ms)[0m  [1mbegin transaction[0m
  [1m[35m (0.7ms)[0m  ALTER TABLE "users" ADD "latitude" float
  [1m[36m (0.2ms)[0m  [1mALTER TABLE "users" ADD "longitude" float[0m
  [1m[35mSQL (0.1ms)[0m  INSERT INTO "schema_migrations" ("version") VALUES (?)  [["version", "20160330212740"]]
  [1m[36m (1.5ms)[0m  [1mcommit transaction[0m
Migrating to AddFoodArrToUsers (20160331210249)
  [1m[35m (0.1ms)[0m  begin transaction
  [1m[36m (0.4ms)[0m  [1mALTER TABLE "users" ADD "food_arr" text[0m
  [1m[35mSQL (0.1ms)[0m  INSERT INTO "schema_migrations" ("version") VALUES (?)  [["version", "20160331210249"]]
  [1m[36m (1.6ms)[0m  [1mcommit transaction[0m
Migrating to RemoveAllergiesFromUsers (20160401193018)
  [1m[35m (0.1ms)[0m  begin transaction
  [1m[36m (0.4ms)[0m  [1mCREATE TEMPORARY TABLE "ausers" ("id" INTEGER PRIMARY KEY AUTOINCREMENT NOT NULL, "location" varchar, "allergies" varchar, "weather" boolean, "mood" boolean, "healthy" boolean, "spicy" boolean, "price" boolean, "created_at" datetime NOT NULL, "updated_at" datetime NOT NULL, "latitude" float, "longitude" float, "food_arr" text) [0m
  [1m[35m (0.0ms)[0m  SELECT * FROM "users"
  [1m[36m (0.9ms)[0m  [1mDROP TABLE "users"[0m
  [1m[35m (0.1ms)[0m  CREATE TABLE "users" ("id" INTEGER PRIMARY KEY AUTOINCREMENT NOT NULL, "location" varchar, "weather" boolean, "mood" boolean, "healthy" boolean, "spicy" boolean, "price" boolean, "created_at" datetime NOT NULL, "updated_at" datetime NOT NULL, "latitude" float, "longitude" float, "food_arr" text) 
  [1m[36m (0.0ms)[0m  [1mSELECT * FROM "ausers"[0m
  [1m[35m (0.3ms)[0m  DROP TABLE "ausers"
  [1m[36mSQL (0.1ms)[0m  [1mINSERT INTO "schema_migrations" ("version") VALUES (?)[0m  [["version", "20160401193018"]]
  [1m[35m (1.7ms)[0m  commit transaction
Migrating to AddRestrictionToUsers (20160401193206)
  [1m[36m (0.2ms)[0m  [1mbegin transaction[0m
  [1m[35m (0.7ms)[0m  ALTER TABLE "users" ADD "restriction" varchar
  [1m[36mSQL (0.1ms)[0m  [1mINSERT INTO "schema_migrations" ("version") VALUES (?)[0m  [["version", "20160401193206"]]
  [1m[35m (1.4ms)[0m  commit transaction
  [1m[36mActiveRecord::SchemaMigration Load (0.1ms)[0m  [1mSELECT "schema_migrations".* FROM "schema_migrations"[0m


Started GET "/" for ::1 at 2016-05-11 15:00:59 -0400
  [1m[36mActiveRecord::SchemaMigration Load (0.1ms)[0m  [1mSELECT "schema_migrations".* FROM "schema_migrations"[0m
Processing by UsersController#index as HTML
  Rendered users/index.html.erb within layouts/application (2.4ms)
Completed 200 OK in 2223ms (Views: 2204.4ms | ActiveRecord: 0.0ms)


Started GET "/assets/main.self-bb9ce8f1a4667fae54a4be726cbe6229eddef182badb1c8b9a0f356f28887fc8.css?body=1" for ::1 at 2016-05-11 15:01:03 -0400


Started GET "/assets/scaffolds.self-f26bfb0cb4d94f304d785f185399e30e36feef305f12279bfda4a0e1bcd12a74.css?body=1" for ::1 at 2016-05-11 15:01:03 -0400


Started GET "/assets/users.self-e3b0c44298fc1c149afbf4c8996fb92427ae41e4649b934ca495991b7852b855.css?body=1" for ::1 at 2016-05-11 15:01:03 -0400


Started GET "/assets/application.self-e80e8f2318043e8af94dddc2adad5a4f09739a8ebb323b3ab31cd71d45fd9113.css?body=1" for ::1 at 2016-05-11 15:01:03 -0400


Started GET "/assets/jquery.self-660adc51e0224b731d29f575a6f1ec167ba08ad06ed5deca4f1e8654c135bf4c.js?body=1" for ::1 at 2016-05-11 15:01:03 -0400


Started GET "/assets/turbolinks.self-3ad9a189e282f93d4e08b6b4af94c9dd70e5aaa8557b7704050a875ed67faf50.js?body=1" for ::1 at 2016-05-11 15:01:03 -0400


Started GET "/assets/jquery_ujs.self-e87806d0cf4489aeb1bb7288016024e8de67fd18db693fe026fe3907581e53cd.js?body=1" for ::1 at 2016-05-11 15:01:03 -0400


Started GET "/assets/application.self-3b8dabdc891efe46b9a144b400ad69e37d7e5876bdc39dee783419a69d7ca819.js?body=1" for ::1 at 2016-05-11 15:01:03 -0400


Started GET "/assets/phone.jpg" for ::1 at 2016-05-11 15:01:03 -0400


Started GET "/assets/home.svg" for ::1 at 2016-05-11 15:01:03 -0400


Started GET "/assets/logo.png" for ::1 at 2016-05-11 15:01:03 -0400


Started GET "/assets/yelp_logo.png" for ::1 at 2016-05-11 15:01:03 -0400


Started POST "/questions/1" for ::1 at 2016-05-11 15:01:09 -0400
Processing by UsersController#first_restriction as JS
  [1m[35m (0.1ms)[0m  begin transaction
  [1m[36mSQL (1.3ms)[0m  [1mINSERT INTO "users" ("created_at", "updated_at") VALUES (?, ?)[0m  [["created_at", "2016-05-11 19:01:09.167442"], ["updated_at", "2016-05-11 19:01:09.167442"]]
  [1m[35m (1.9ms)[0m  commit transaction
  Rendered users/_restriction.html.erb (1.6ms)
  Rendered users/first_restriction.js.erb (18.8ms)
Completed 200 OK in 107ms (Views: 22.1ms | ActiveRecord: 3.9ms)


Started GET "/assets/kosher.svg" for ::1 at 2016-05-11 15:01:09 -0400


Started GET "/assets/skip.svg" for ::1 at 2016-05-11 15:01:09 -0400


Started GET "/assets/vegetarian.svg" for ::1 at 2016-05-11 15:01:09 -0400


Started GET "/assets/halal.svg" for ::1 at 2016-05-11 15:01:09 -0400


Started POST "/questions/2?restriction=" for ::1 at 2016-05-11 15:01:10 -0400
Processing by UsersController#second_mood as JS
  Parameters: {"restriction"=>""}
  [1m[36mUser Load (0.2ms)[0m  [1mSELECT  "users".* FROM "users" WHERE "users"."id" = ?  ORDER BY "users"."id" ASC LIMIT 1[0m  [["id", 1]]
  [1m[35m (0.1ms)[0m  begin transaction
  [1m[36mSQL (0.5ms)[0m  [1mUPDATE "users" SET "restriction" = ?, "updated_at" = ? WHERE "users"."id" = ?[0m  [["restriction", ""], ["updated_at", "2016-05-11 19:01:10.190777"], ["id", 1]]
  [1m[35m (1.6ms)[0m  commit transaction
  Rendered users/_mood.html.erb (0.8ms)
  Rendered users/second_mood.js.erb (3.6ms)
Completed 200 OK in 27ms (Views: 6.8ms | ActiveRecord: 2.3ms)


Started GET "/assets/happy.svg" for ::1 at 2016-05-11 15:01:10 -0400


Started GET "/assets/sad.svg" for ::1 at 2016-05-11 15:01:10 -0400


Started POST "/questions/3?mood=true" for ::1 at 2016-05-11 15:01:11 -0400
Processing by UsersController#third_weather as JS
  Parameters: {"mood"=>"true"}
  [1m[36mUser Load (0.2ms)[0m  [1mSELECT  "users".* FROM "users" WHERE "users"."id" = ?  ORDER BY "users"."id" ASC LIMIT 1[0m  [["id", 1]]
  [1m[35m (0.1ms)[0m  begin transaction
  [1m[36mSQL (0.3ms)[0m  [1mUPDATE "users" SET "mood" = ?, "updated_at" = ? WHERE "users"."id" = ?[0m  [["mood", "t"], ["updated_at", "2016-05-11 19:01:11.621486"], ["id", 1]]
  [1m[35m (2.6ms)[0m  commit transaction
  Rendered users/_weather.html.erb (0.9ms)
  Rendered users/third_weather.js.erb (3.8ms)
Completed 200 OK in 15ms (Views: 7.6ms | ActiveRecord: 3.1ms)


Started GET "/assets/hot.svg" for ::1 at 2016-05-11 15:01:11 -0400


Started GET "/assets/cold.svg" for ::1 at 2016-05-11 15:01:11 -0400


Started POST "/questions/4?weather=true" for ::1 at 2016-05-11 15:01:11 -0400
Processing by UsersController#fourth_spicy as JS
  Parameters: {"weather"=>"true"}
  [1m[36mUser Load (0.1ms)[0m  [1mSELECT  "users".* FROM "users" WHERE "users"."id" = ?  ORDER BY "users"."id" ASC LIMIT 1[0m  [["id", 1]]
  [1m[35m (0.1ms)[0m  begin transaction
  [1m[36mSQL (0.3ms)[0m  [1mUPDATE "users" SET "weather" = ?, "updated_at" = ? WHERE "users"."id" = ?[0m  [["weather", "t"], ["updated_at", "2016-05-11 19:01:11.920465"], ["id", 1]]
  [1m[35m (2.4ms)[0m  commit transaction
  Rendered users/_spicy.html.erb (1.3ms)
  Rendered users/fourth_spicy.js.erb (4.1ms)
Completed 200 OK in 14ms (Views: 8.0ms | ActiveRecord: 2.8ms)


Started GET "/assets/spicy.svg" for ::1 at 2016-05-11 15:01:11 -0400


Started GET "/assets/nospicy.svg" for ::1 at 2016-05-11 15:01:11 -0400


Started POST "/questions/5?spicy=true" for ::1 at 2016-05-11 15:01:12 -0400
Processing by UsersController#fifth_healthy as JS
  Parameters: {"spicy"=>"true"}
  [1m[36mUser Load (0.2ms)[0m  [1mSELECT  "users".* FROM "users" WHERE "users"."id" = ?  ORDER BY "users"."id" ASC LIMIT 1[0m  [["id", 1]]
  [1m[35m (0.1ms)[0m  begin transaction
  [1m[36mSQL (0.2ms)[0m  [1mUPDATE "users" SET "spicy" = ?, "updated_at" = ? WHERE "users"."id" = ?[0m  [["spicy", "t"], ["updated_at", "2016-05-11 19:01:12.101432"], ["id", 1]]
  [1m[35m (2.5ms)[0m  commit transaction
  Rendered users/_healthy.html.erb (0.8ms)
  Rendered users/fifth_healthy.js.erb (4.2ms)
Completed 200 OK in 16ms (Views: 7.9ms | ActiveRecord: 2.9ms)


Started GET "/assets/gym.svg" for ::1 at 2016-05-11 15:01:12 -0400


Started GET "/assets/couch-potato.png" for ::1 at 2016-05-11 15:01:12 -0400


Started POST "/questions/6?healthy=true" for ::1 at 2016-05-11 15:01:12 -0400
Processing by UsersController#sixth_price as JS
  Parameters: {"healthy"=>"true"}
  [1m[36mUser Load (0.1ms)[0m  [1mSELECT  "users".* FROM "users" WHERE "users"."id" = ?  ORDER BY "users"."id" ASC LIMIT 1[0m  [["id", 1]]
  [1m[35m (0.1ms)[0m  begin transaction
  [1m[36mSQL (0.3ms)[0m  [1mUPDATE "users" SET "healthy" = ?, "updated_at" = ? WHERE "users"."id" = ?[0m  [["healthy", "t"], ["updated_at", "2016-05-11 19:01:12.272602"], ["id", 1]]
  [1m[35m (2.6ms)[0m  commit transaction
  Rendered users/_price.html.erb (1.9ms)
  Rendered users/sixth_price.js.erb (5.0ms)
Completed 200 OK in 15ms (Views: 8.3ms | ActiveRecord: 3.1ms)


Started GET "/assets/rich.svg" for ::1 at 2016-05-11 15:01:12 -0400


Started GET "/assets/poor.png" for ::1 at 2016-05-11 15:01:12 -0400


Started POST "/summary?price=false" for ::1 at 2016-05-11 15:01:12 -0400
Processing by UsersController#summary as JS
  Parameters: {"price"=>"false"}
  [1m[36mUser Load (0.2ms)[0m  [1mSELECT  "users".* FROM "users" WHERE "users"."id" = ?  ORDER BY "users"."id" ASC LIMIT 1[0m  [["id", 1]]
  [1m[35m (0.1ms)[0m  begin transaction
  [1m[36mSQL (0.4ms)[0m  [1mUPDATE "users" SET "price" = ?, "updated_at" = ? WHERE "users"."id" = ?[0m  [["price", "f"], ["updated_at", "2016-05-11 19:01:12.488761"], ["id", 1]]
  [1m[35m (2.4ms)[0m  commit transaction
  [1m[36m (0.1ms)[0m  [1mbegin transaction[0m
  [1m[35mSQL (0.3ms)[0m  UPDATE "users" SET "food_arr" = ?, "updated_at" = ? WHERE "users"."id" = ?  [["food_arr", "---\n- mediterranean\n- mexican\n- sandwiches\n- italian\n- korean\n- asianfusion\n- indpak\n- latin\n- sushi\n- newamerican\n- salad\n- japanese\n- caribbean\n- thai\n- tradamerican\n- delis\n- seafood\n"], ["updated_at", "2016-05-11 19:01:12.495828"], ["id", 1]]
  [1m[36m (2.4ms)[0m  [1mcommit transaction[0m
  Rendered users/_summary.html.erb (84.1ms)
  Rendered users/_loading.html.erb (0.5ms)
  Rendered users/summary.js.erb (90.2ms)
Completed 200 OK in 109ms (Views: 93.1ms | ActiveRecord: 5.9ms)


Started GET "/assets/loader.gif" for ::1 at 2016-05-11 15:01:21 -0400


Started POST "/choice-for-today" for ::1 at 2016-05-11 15:01:21 -0400
Processing by UsersController#show as HTML
  Parameters: {"utf8"=>"✓", "authenticity_token"=>"IvZizy4IffbGrPapK51b3O/Qu3yKdu40rekZ9Ppr+w3HqnGpPDaALZEpaSoRVm5HZ0qna0id6ntLrTXdIsufbg==", "user"=>{"latitude"=>"40.708269099999995", "longitude"=>"-74.0065025"}, "commit"=>"LET'S GET YOU FED"}
  [1m[35mUser Load (0.1ms)[0m  SELECT  "users".* FROM "users" WHERE "users"."id" = ?  ORDER BY "users"."id" ASC LIMIT 1  [["id", 1]]
  [1m[36m (0.1ms)[0m  [1mbegin transaction[0m
  [1m[35mSQL (0.4ms)[0m  UPDATE "users" SET "latitude" = ?, "longitude" = ?, "location" = ?, "updated_at" = ? WHERE "users"."id" = ?  [["latitude", 40.708269099999995], ["longitude", -74.0065025], ["location", "26-36 Gold St, New York, NY 10038, USA"], ["updated_at", "2016-05-11 19:01:22.226025"], ["id", 1]]
  [1m[36m (1.6ms)[0m  [1mcommit transaction[0m
Redirected to http://localhost:3000/search
Completed 302 Found in 487ms (ActiveRecord: 2.2ms)


Started GET "/search" for ::1 at 2016-05-11 15:01:22 -0400
Processing by UsersController#search as HTML
  [1m[35mUser Load (0.1ms)[0m  SELECT  "users".* FROM "users" WHERE "users"."id" = ?  ORDER BY "users"."id" ASC LIMIT 1  [["id", 1]]
  Rendered users/search.html.erb within layouts/application (0.9ms)
Completed 200 OK in 1339ms (Views: 18.6ms | ActiveRecord: 0.1ms)


Started GET "/assets/home.svg" for ::1 at 2016-05-11 15:01:23 -0400


Started GET "/assets/logo.png" for ::1 at 2016-05-11 15:01:23 -0400


Started GET "/assets/phone.jpg" for ::1 at 2016-05-11 15:01:23 -0400


Started GET "/assets/telephone.svg" for ::1 at 2016-05-11 15:01:23 -0400


Started GET "/assets/gps.svg" for ::1 at 2016-05-11 15:01:23 -0400


Started GET "/assets/yelp_logo.png" for ::1 at 2016-05-11 15:01:23 -0400


Started GET "/" for ::1 at 2016-05-11 15:02:14 -0400
Processing by UsersController#index as HTML
  Rendered users/index.html.erb within layouts/application (0.2ms)
Completed 200 OK in 18ms (Views: 16.8ms | ActiveRecord: 0.0ms)


Started GET "/assets/phone.jpg" for ::1 at 2016-05-11 15:02:14 -0400


Started GET "/assets/yelp_logo.png" for ::1 at 2016-05-11 15:02:14 -0400


Started GET "/assets/home.svg" for ::1 at 2016-05-11 15:02:14 -0400


Started GET "/assets/logo.png" for ::1 at 2016-05-11 15:02:14 -0400


Started POST "/questions/1" for ::1 at 2016-05-11 15:02:17 -0400
Processing by UsersController#first_restriction as JS
  [1m[36m (0.1ms)[0m  [1mbegin transaction[0m
  [1m[35mSQL (0.3ms)[0m  INSERT INTO "users" ("created_at", "updated_at") VALUES (?, ?)  [["created_at", "2016-05-11 19:02:17.579080"], ["updated_at", "2016-05-11 19:02:17.579080"]]
  [1m[36m (4.2ms)[0m  [1mcommit transaction[0m
  Rendered users/_restriction.html.erb (0.8ms)
  Rendered users/first_restriction.js.erb (2.3ms)
Completed 200 OK in 13ms (Views: 4.9ms | ActiveRecord: 4.6ms)


Started GET "/assets/skip.svg" for ::1 at 2016-05-11 15:02:17 -0400


Started GET "/assets/kosher.svg" for ::1 at 2016-05-11 15:02:17 -0400


Started GET "/assets/vegetarian.svg" for ::1 at 2016-05-11 15:02:17 -0400


Started GET "/assets/halal.svg" for ::1 at 2016-05-11 15:02:17 -0400


Started POST "/questions/2?restriction=" for ::1 at 2016-05-11 15:02:19 -0400
Processing by UsersController#second_mood as JS
  Parameters: {"restriction"=>""}
  [1m[35mUser Load (0.1ms)[0m  SELECT  "users".* FROM "users" WHERE "users"."id" = ?  ORDER BY "users"."id" ASC LIMIT 1  [["id", 2]]
  [1m[36m (0.1ms)[0m  [1mbegin transaction[0m
  [1m[35mSQL (0.2ms)[0m  UPDATE "users" SET "restriction" = ?, "updated_at" = ? WHERE "users"."id" = ?  [["restriction", ""], ["updated_at", "2016-05-11 19:02:19.329846"], ["id", 2]]
  [1m[36m (2.4ms)[0m  [1mcommit transaction[0m
  Rendered users/_mood.html.erb (1.5ms)
  Rendered users/second_mood.js.erb (2.8ms)
Completed 200 OK in 11ms (Views: 4.6ms | ActiveRecord: 2.9ms)


Started GET "/assets/happy.svg" for ::1 at 2016-05-11 15:02:19 -0400


Started GET "/assets/sad.svg" for ::1 at 2016-05-11 15:02:19 -0400


Started POST "/questions/3?mood=false" for ::1 at 2016-05-11 15:02:20 -0400
Processing by UsersController#third_weather as JS
  Parameters: {"mood"=>"false"}
  [1m[35mUser Load (0.1ms)[0m  SELECT  "users".* FROM "users" WHERE "users"."id" = ?  ORDER BY "users"."id" ASC LIMIT 1  [["id", 2]]
  [1m[36m (0.0ms)[0m  [1mbegin transaction[0m
  [1m[35mSQL (0.3ms)[0m  UPDATE "users" SET "mood" = ?, "updated_at" = ? WHERE "users"."id" = ?  [["mood", "f"], ["updated_at", "2016-05-11 19:02:20.248275"], ["id", 2]]
  [1m[36m (5.8ms)[0m  [1mcommit transaction[0m
  Rendered users/_weather.html.erb (0.4ms)
  Rendered users/third_weather.js.erb (1.7ms)
Completed 200 OK in 14ms (Views: 4.5ms | ActiveRecord: 6.2ms)


Started GET "/assets/cold.svg" for ::1 at 2016-05-11 15:02:20 -0400


Started GET "/assets/hot.svg" for ::1 at 2016-05-11 15:02:20 -0400


Started POST "/questions/4?weather=false" for ::1 at 2016-05-11 15:02:20 -0400
Processing by UsersController#fourth_spicy as JS
  Parameters: {"weather"=>"false"}
  [1m[35mUser Load (0.1ms)[0m  SELECT  "users".* FROM "users" WHERE "users"."id" = ?  ORDER BY "users"."id" ASC LIMIT 1  [["id", 2]]
  [1m[36m (0.1ms)[0m  [1mbegin transaction[0m
  [1m[35mSQL (0.3ms)[0m  UPDATE "users" SET "weather" = ?, "updated_at" = ? WHERE "users"."id" = ?  [["weather", "f"], ["updated_at", "2016-05-11 19:02:20.766871"], ["id", 2]]
  [1m[36m (6.0ms)[0m  [1mcommit transaction[0m
  Rendered users/_spicy.html.erb (0.5ms)
  Rendered users/fourth_spicy.js.erb (1.8ms)
Completed 200 OK in 85ms (Views: 4.3ms | ActiveRecord: 6.5ms)


Started GET "/assets/spicy.svg" for ::1 at 2016-05-11 15:02:20 -0400


Started GET "/assets/nospicy.svg" for ::1 at 2016-05-11 15:02:20 -0400


Started POST "/questions/5?spicy=false" for ::1 at 2016-05-11 15:02:20 -0400
Processing by UsersController#fifth_healthy as JS
  Parameters: {"spicy"=>"false"}
  [1m[35mUser Load (0.1ms)[0m  SELECT  "users".* FROM "users" WHERE "users"."id" = ?  ORDER BY "users"."id" ASC LIMIT 1  [["id", 2]]
  [1m[36m (0.1ms)[0m  [1mbegin transaction[0m
  [1m[35mSQL (0.5ms)[0m  UPDATE "users" SET "spicy" = ?, "updated_at" = ? WHERE "users"."id" = ?  [["spicy", "f"], ["updated_at", "2016-05-11 19:02:20.970494"], ["id", 2]]
  [1m[36m (6.3ms)[0m  [1mcommit transaction[0m
  Rendered users/_healthy.html.erb (0.4ms)
  Rendered users/fifth_healthy.js.erb (1.6ms)
Completed 200 OK in 15ms (Views: 3.8ms | ActiveRecord: 7.0ms)


Started GET "/assets/gym.svg" for ::1 at 2016-05-11 15:02:20 -0400


Started GET "/assets/couch-potato.png" for ::1 at 2016-05-11 15:02:21 -0400


Started POST "/questions/6?healthy=false" for ::1 at 2016-05-11 15:02:21 -0400
Processing by UsersController#sixth_price as JS
  Parameters: {"healthy"=>"false"}
  [1m[35mUser Load (0.1ms)[0m  SELECT  "users".* FROM "users" WHERE "users"."id" = ?  ORDER BY "users"."id" ASC LIMIT 1  [["id", 2]]
  [1m[36m (0.0ms)[0m  [1mbegin transaction[0m
  [1m[35mSQL (0.2ms)[0m  UPDATE "users" SET "healthy" = ?, "updated_at" = ? WHERE "users"."id" = ?  [["healthy", "f"], ["updated_at", "2016-05-11 19:02:21.364541"], ["id", 2]]
  [1m[36m (4.7ms)[0m  [1mcommit transaction[0m
  Rendered users/_price.html.erb (0.7ms)
  Rendered users/sixth_price.js.erb (2.4ms)
Completed 200 OK in 14ms (Views: 6.1ms | ActiveRecord: 5.1ms)


Started GET "/assets/rich.svg" for ::1 at 2016-05-11 15:02:21 -0400


Started GET "/assets/poor.png" for ::1 at 2016-05-11 15:02:21 -0400


Started POST "/summary?price=true" for ::1 at 2016-05-11 15:02:21 -0400
Processing by UsersController#summary as JS
  Parameters: {"price"=>"true"}
  [1m[35mUser Load (0.1ms)[0m  SELECT  "users".* FROM "users" WHERE "users"."id" = ?  ORDER BY "users"."id" ASC LIMIT 1  [["id", 2]]
  [1m[36m (0.1ms)[0m  [1mbegin transaction[0m
  [1m[35mSQL (0.3ms)[0m  UPDATE "users" SET "price" = ?, "updated_at" = ? WHERE "users"."id" = ?  [["price", "t"], ["updated_at", "2016-05-11 19:02:21.663847"], ["id", 2]]
  [1m[36m (4.5ms)[0m  [1mcommit transaction[0m
  [1m[35m (0.1ms)[0m  begin transaction
  [1m[36mSQL (0.4ms)[0m  [1mUPDATE "users" SET "food_arr" = ?, "updated_at" = ? WHERE "users"."id" = ?[0m  [["food_arr", "---\n- fishnchips\n- soulfood\n- burgers\n- soup\n- bbq\n- chicken_wings\n- newamerican\n- diners\n- comfortfood\n- buffets\n- gastropubs\n- italian\n- cheesesteaks\n- waffles\n- tradamerican\n- chinese\n- indpak\n- pizza\n"], ["updated_at", "2016-05-11 19:02:21.672339"], ["id", 2]]
  [1m[35m (2.0ms)[0m  commit transaction
  Rendered users/_summary.html.erb (0.7ms)
  Rendered users/_loading.html.erb (0.0ms)
  Rendered users/summary.js.erb (2.6ms)
Completed 200 OK in 22ms (Views: 4.6ms | ActiveRecord: 7.4ms)


Started GET "/assets/loader.gif" for ::1 at 2016-05-11 15:02:27 -0400


Started POST "/choice-for-today" for ::1 at 2016-05-11 15:02:27 -0400
Processing by UsersController#show as HTML
  Parameters: {"utf8"=>"✓", "authenticity_token"=>"rI0ya4A96RUNh8nlTKF2AqeqlZ+64FLPnepaGrmoZVRJ0SENkgMUzloCVmZ2akOZLzCJiHgLVoB7rnYzYQgBNw==", "user"=>{"latitude"=>"40.7082273", "longitude"=>"-74.0064767"}, "commit"=>"LET'S GET YOU FED"}
  [1m[36mUser Load (0.2ms)[0m  [1mSELECT  "users".* FROM "users" WHERE "users"."id" = ?  ORDER BY "users"."id" ASC LIMIT 1[0m  [["id", 2]]
  [1m[35m (0.1ms)[0m  begin transaction
  [1m[36mSQL (0.2ms)[0m  [1mUPDATE "users" SET "latitude" = ?, "longitude" = ?, "location" = ?, "updated_at" = ? WHERE "users"."id" = ?[0m  [["latitude", 40.7082273], ["longitude", -74.0064767], ["location", "26-36 Gold St, New York, NY 10038, USA"], ["updated_at", "2016-05-11 19:02:27.350204"], ["id", 2]]
  [1m[35m (3.7ms)[0m  commit transaction
Redirected to http://localhost:3000/search
Completed 302 Found in 257ms (ActiveRecord: 4.2ms)


Started GET "/search" for ::1 at 2016-05-11 15:02:27 -0400
Processing by UsersController#search as HTML
  [1m[36mUser Load (0.1ms)[0m  [1mSELECT  "users".* FROM "users" WHERE "users"."id" = ?  ORDER BY "users"."id" ASC LIMIT 1[0m  [["id", 2]]
  Rendered users/search.html.erb within layouts/application (0.3ms)
Completed 200 OK in 885ms (Views: 12.7ms | ActiveRecord: 0.1ms)


Started GET "/assets/home.svg" for ::1 at 2016-05-11 15:02:28 -0400


Started GET "/assets/logo.png" for ::1 at 2016-05-11 15:02:28 -0400


Started GET "/assets/phone.jpg" for ::1 at 2016-05-11 15:02:28 -0400


Started GET "/assets/telephone.svg" for ::1 at 2016-05-11 15:02:28 -0400


Started GET "/assets/gps.svg" for ::1 at 2016-05-11 15:02:28 -0400


Started GET "/assets/yelp_logo.png" for ::1 at 2016-05-11 15:02:28 -0400


Started GET "/" for ::1 at 2016-05-11 15:03:23 -0400
Processing by UsersController#index as HTML
  Rendered users/index.html.erb within layouts/application (0.6ms)
Completed 200 OK in 18ms (Views: 17.6ms | ActiveRecord: 0.0ms)


Started GET "/" for ::1 at 2016-05-11 17:03:13 -0400
Processing by UsersController#index as HTML
  Rendered users/index.html.erb within layouts/application (2.0ms)
Completed 200 OK in 56ms (Views: 48.9ms | ActiveRecord: 0.0ms)


Started GET "/assets/home.svg" for ::1 at 2016-05-11 17:03:13 -0400


Started GET "/assets/yelp_logo.png" for ::1 at 2016-05-11 17:03:13 -0400


Started GET "/assets/logo.png" for ::1 at 2016-05-11 17:03:13 -0400


Started GET "/assets/phone.jpg" for ::1 at 2016-05-11 17:03:13 -0400


Started POST "/questions/1" for ::1 at 2016-05-11 17:03:16 -0400
Processing by UsersController#first_restriction as JS
  [1m[35m (0.8ms)[0m  begin transaction
  [1m[36mSQL (0.6ms)[0m  [1mINSERT INTO "users" ("created_at", "updated_at") VALUES (?, ?)[0m  [["created_at", "2016-05-11 21:03:16.864868"], ["updated_at", "2016-05-11 21:03:16.864868"]]
  [1m[35m (2.6ms)[0m  commit transaction
  Rendered users/_restriction.html.erb (2.6ms)
  Rendered users/first_restriction.js.erb (4.9ms)
Completed 200 OK in 28ms (Views: 9.4ms | ActiveRecord: 4.1ms)


Started GET "/assets/skip.svg" for ::1 at 2016-05-11 17:03:16 -0400


Started GET "/assets/kosher.svg" for ::1 at 2016-05-11 17:03:16 -0400


Started GET "/assets/halal.svg" for ::1 at 2016-05-11 17:03:16 -0400


Started GET "/assets/vegetarian.svg" for ::1 at 2016-05-11 17:03:16 -0400


Started POST "/questions/1" for ::1 at 2016-05-11 21:00:52 -0400
Processing by UsersController#first_restriction as JS
  [1m[36m (1.8ms)[0m  [1mbegin transaction[0m
  [1m[35mSQL (1.5ms)[0m  INSERT INTO "users" ("created_at", "updated_at") VALUES (?, ?)  [["created_at", "2016-05-12 01:00:52.116157"], ["updated_at", "2016-05-12 01:00:52.116157"]]
  [1m[36m (1.6ms)[0m  [1mcommit transaction[0m
  Rendered users/_restriction.html.erb (4.7ms)
  Rendered users/first_restriction.js.erb (8.9ms)
Completed 200 OK in 55ms (Views: 19.9ms | ActiveRecord: 4.9ms)


Started GET "/assets/skip.svg" for ::1 at 2016-05-11 21:00:52 -0400


Started GET "/assets/kosher.svg" for ::1 at 2016-05-11 21:00:52 -0400


Started GET "/assets/halal.svg" for ::1 at 2016-05-11 21:00:52 -0400


Started GET "/assets/vegetarian.svg" for ::1 at 2016-05-11 21:00:52 -0400


Started POST "/questions/2?restriction=" for ::1 at 2016-05-11 21:00:54 -0400
Processing by UsersController#second_mood as JS
  Parameters: {"restriction"=>""}
  [1m[35mUser Load (0.2ms)[0m  SELECT  "users".* FROM "users" WHERE "users"."id" = ?  ORDER BY "users"."id" ASC LIMIT 1  [["id", 4]]
  [1m[36m (0.1ms)[0m  [1mbegin transaction[0m
  [1m[35mSQL (0.3ms)[0m  UPDATE "users" SET "restriction" = ?, "updated_at" = ? WHERE "users"."id" = ?  [["restriction", ""], ["updated_at", "2016-05-12 01:00:54.509035"], ["id", 4]]
  [1m[36m (1.4ms)[0m  [1mcommit transaction[0m
  Rendered users/_mood.html.erb (0.6ms)
  Rendered users/second_mood.js.erb (1.8ms)
Completed 200 OK in 15ms (Views: 3.8ms | ActiveRecord: 2.1ms)


Started GET "/assets/happy.svg" for ::1 at 2016-05-11 21:00:54 -0400


Started GET "/assets/sad.svg" for ::1 at 2016-05-11 21:00:54 -0400


Started POST "/questions/3?mood=true" for ::1 at 2016-05-11 21:00:56 -0400
Processing by UsersController#third_weather as JS
  Parameters: {"mood"=>"true"}
  [1m[35mUser Load (0.1ms)[0m  SELECT  "users".* FROM "users" WHERE "users"."id" = ?  ORDER BY "users"."id" ASC LIMIT 1  [["id", 4]]
  [1m[36m (0.0ms)[0m  [1mbegin transaction[0m
  [1m[35mSQL (0.3ms)[0m  UPDATE "users" SET "mood" = ?, "updated_at" = ? WHERE "users"."id" = ?  [["mood", "t"], ["updated_at", "2016-05-12 01:00:56.040583"], ["id", 4]]
  [1m[36m (1.9ms)[0m  [1mcommit transaction[0m
  Rendered users/_weather.html.erb (0.5ms)
  Rendered users/third_weather.js.erb (1.7ms)
Completed 200 OK in 10ms (Views: 4.2ms | ActiveRecord: 2.3ms)


Started GET "/assets/hot.svg" for ::1 at 2016-05-11 21:00:56 -0400


Started GET "/assets/cold.svg" for ::1 at 2016-05-11 21:00:56 -0400


Started POST "/questions/4?weather=false" for ::1 at 2016-05-11 21:00:56 -0400
Processing by UsersController#fourth_spicy as JS
  Parameters: {"weather"=>"false"}
  [1m[35mUser Load (0.1ms)[0m  SELECT  "users".* FROM "users" WHERE "users"."id" = ?  ORDER BY "users"."id" ASC LIMIT 1  [["id", 4]]
  [1m[36m (0.1ms)[0m  [1mbegin transaction[0m
  [1m[35mSQL (0.3ms)[0m  UPDATE "users" SET "weather" = ?, "updated_at" = ? WHERE "users"."id" = ?  [["weather", "f"], ["updated_at", "2016-05-12 01:00:56.921725"], ["id", 4]]
  [1m[36m (1.5ms)[0m  [1mcommit transaction[0m
  Rendered users/_spicy.html.erb (0.7ms)
  Rendered users/fourth_spicy.js.erb (2.2ms)
Completed 200 OK in 10ms (Views: 4.6ms | ActiveRecord: 2.0ms)


Started GET "/assets/nospicy.svg" for ::1 at 2016-05-11 21:00:56 -0400


Started GET "/assets/spicy.svg" for ::1 at 2016-05-11 21:00:56 -0400


Started POST "/questions/5?spicy=true" for ::1 at 2016-05-11 21:00:58 -0400
Processing by UsersController#fifth_healthy as JS
  Parameters: {"spicy"=>"true"}
  [1m[35mUser Load (0.1ms)[0m  SELECT  "users".* FROM "users" WHERE "users"."id" = ?  ORDER BY "users"."id" ASC LIMIT 1  [["id", 4]]
  [1m[36m (0.1ms)[0m  [1mbegin transaction[0m
  [1m[35mSQL (0.3ms)[0m  UPDATE "users" SET "spicy" = ?, "updated_at" = ? WHERE "users"."id" = ?  [["spicy", "t"], ["updated_at", "2016-05-12 01:00:58.857744"], ["id", 4]]
  [1m[36m (2.0ms)[0m  [1mcommit transaction[0m
  Rendered users/_healthy.html.erb (0.6ms)
  Rendered users/fifth_healthy.js.erb (1.8ms)
Completed 200 OK in 13ms (Views: 4.9ms | ActiveRecord: 2.5ms)


Started GET "/assets/gym.svg" for ::1 at 2016-05-11 21:00:58 -0400


Started GET "/assets/couch-potato.png" for ::1 at 2016-05-11 21:00:58 -0400


Started POST "/questions/6?healthy=true" for ::1 at 2016-05-11 21:01:00 -0400
Processing by UsersController#sixth_price as JS
  Parameters: {"healthy"=>"true"}
  [1m[35mUser Load (0.1ms)[0m  SELECT  "users".* FROM "users" WHERE "users"."id" = ?  ORDER BY "users"."id" ASC LIMIT 1  [["id", 4]]
  [1m[36m (0.1ms)[0m  [1mbegin transaction[0m
  [1m[35mSQL (0.3ms)[0m  UPDATE "users" SET "healthy" = ?, "updated_at" = ? WHERE "users"."id" = ?  [["healthy", "t"], ["updated_at", "2016-05-12 01:01:00.824675"], ["id", 4]]
  [1m[36m (1.8ms)[0m  [1mcommit transaction[0m
  Rendered users/_price.html.erb (1.1ms)
  Rendered users/sixth_price.js.erb (2.5ms)
Completed 200 OK in 11ms (Views: 6.2ms | ActiveRecord: 2.3ms)


Started GET "/assets/rich.svg" for ::1 at 2016-05-11 21:01:00 -0400


Started GET "/assets/poor.png" for ::1 at 2016-05-11 21:01:00 -0400


Started POST "/summary?price=false" for ::1 at 2016-05-11 21:01:03 -0400
Processing by UsersController#summary as JS
  Parameters: {"price"=>"false"}
  [1m[35mUser Load (0.1ms)[0m  SELECT  "users".* FROM "users" WHERE "users"."id" = ?  ORDER BY "users"."id" ASC LIMIT 1  [["id", 4]]
  [1m[36m (0.1ms)[0m  [1mbegin transaction[0m
  [1m[35mSQL (0.5ms)[0m  UPDATE "users" SET "price" = ?, "updated_at" = ? WHERE "users"."id" = ?  [["price", "f"], ["updated_at", "2016-05-12 01:01:03.261535"], ["id", 4]]
  [1m[36m (3.0ms)[0m  [1mcommit transaction[0m
  [1m[35m (0.1ms)[0m  begin transaction
  [1m[36mSQL (0.3ms)[0m  [1mUPDATE "users" SET "food_arr" = ?, "updated_at" = ? WHERE "users"."id" = ?[0m  [["food_arr", "---\n- japanese\n- caribbean\n- tradamerican\n- soup\n- thai\n- newamerican\n- seafood\n- italian\n- sandwiches\n- mediterranean\n- mexican\n- korean\n- asianfusion\n- indpak\n- delis\n- latin\n"], ["updated_at", "2016-05-12 01:01:03.271561"], ["id", 4]]
  [1m[35m (1.8ms)[0m  commit transaction
  Rendered users/_summary.html.erb (13.1ms)
  Rendered users/_loading.html.erb (0.1ms)
  Rendered users/summary.js.erb (16.2ms)
Completed 200 OK in 35ms (Views: 18.2ms | ActiveRecord: 5.7ms)


Started GET "/assets/loader.gif" for ::1 at 2016-05-11 21:01:09 -0400


Started POST "/choice-for-today" for ::1 at 2016-05-11 21:01:09 -0400
Processing by UsersController#show as HTML
  Parameters: {"utf8"=>"✓", "authenticity_token"=>"ODzJqUfrJclHjiTS882+ugRajWEBuQqxW/OQSTao8kndYNrPVdXYEhALu1HJBoshjMCRdsNSDv69t7xg7giWKg==", "user"=>{"latitude"=>"40.702786599999996", "longitude"=>"-74.01079059999999"}, "commit"=>"LET'S GET YOU FED"}
  [1m[36mUser Load (0.2ms)[0m  [1mSELECT  "users".* FROM "users" WHERE "users"."id" = ?  ORDER BY "users"."id" ASC LIMIT 1[0m  [["id", 4]]
  [1m[35m (0.1ms)[0m  begin transaction
  [1m[36mSQL (0.5ms)[0m  [1mUPDATE "users" SET "latitude" = ?, "longitude" = ?, "location" = ?, "updated_at" = ? WHERE "users"."id" = ?[0m  [["latitude", 40.702786599999996], ["longitude", -74.01079059999999], ["location", "4 FDR Drive, New York, NY 10004, USA"], ["updated_at", "2016-05-12 01:01:10.270486"], ["id", 4]]
  [1m[35m (1.9ms)[0m  commit transaction
Redirected to http://localhost:3000/search
Completed 302 Found in 688ms (ActiveRecord: 2.6ms)


Started GET "/search" for ::1 at 2016-05-11 21:01:10 -0400
Processing by UsersController#search as HTML
  [1m[36mUser Load (0.1ms)[0m  [1mSELECT  "users".* FROM "users" WHERE "users"."id" = ?  ORDER BY "users"."id" ASC LIMIT 1[0m  [["id", 4]]
  Rendered users/search.html.erb within layouts/application (0.4ms)
Completed 200 OK in 968ms (Views: 25.3ms | ActiveRecord: 0.1ms)


Started GET "/assets/phone.jpg" for ::1 at 2016-05-11 21:01:11 -0400


Started GET "/assets/home.svg" for ::1 at 2016-05-11 21:01:11 -0400


Started GET "/assets/logo.png" for ::1 at 2016-05-11 21:01:11 -0400


Started GET "/assets/telephone.svg" for ::1 at 2016-05-11 21:01:11 -0400


Started GET "/assets/yelp_logo.png" for ::1 at 2016-05-11 21:01:11 -0400


Started GET "/assets/gps.svg" for ::1 at 2016-05-11 21:01:11 -0400


Started GET "/" for ::1 at 2016-05-11 21:01:18 -0400
Processing by UsersController#index as HTML
  Rendered users/index.html.erb within layouts/application (0.2ms)
Completed 200 OK in 17ms (Views: 16.2ms | ActiveRecord: 0.0ms)


Started GET "/" for ::1 at 2016-05-11 21:16:57 -0400
Processing by UsersController#index as HTML
  Rendered users/index.html.erb within layouts/application (5.6ms)
Completed 200 OK in 104ms (Views: 92.5ms | ActiveRecord: 0.0ms)


Started GET "/assets/phone.jpg" for ::1 at 2016-05-11 21:16:57 -0400


Started GET "/assets/logo.png" for ::1 at 2016-05-11 21:16:57 -0400


Started GET "/assets/yelp_logo.png" for ::1 at 2016-05-11 21:16:57 -0400


Started GET "/assets/home.svg" for ::1 at 2016-05-11 21:16:57 -0400


Started POST "/questions/1" for ::1 at 2016-05-11 21:17:14 -0400
Processing by UsersController#first_restriction as JS
  [1m[35m (0.8ms)[0m  begin transaction
  [1m[36mSQL (0.6ms)[0m  [1mINSERT INTO "users" ("created_at", "updated_at") VALUES (?, ?)[0m  [["created_at", "2016-05-12 01:17:14.758819"], ["updated_at", "2016-05-12 01:17:14.758819"]]
  [1m[35m (2.9ms)[0m  commit transaction
  Rendered users/_restriction.html.erb (2.3ms)
  Rendered users/first_restriction.js.erb (4.4ms)
Completed 200 OK in 26ms (Views: 7.4ms | ActiveRecord: 4.2ms)


Started GET "/assets/skip.svg" for ::1 at 2016-05-11 21:17:14 -0400


Started GET "/assets/kosher.svg" for ::1 at 2016-05-11 21:17:14 -0400


Started GET "/assets/vegetarian.svg" for ::1 at 2016-05-11 21:17:14 -0400


Started GET "/assets/halal.svg" for ::1 at 2016-05-11 21:17:14 -0400


Started POST "/questions/2?restriction=" for ::1 at 2016-05-11 21:17:17 -0400
Processing by UsersController#second_mood as JS
  Parameters: {"restriction"=>""}
  [1m[36mUser Load (0.1ms)[0m  [1mSELECT  "users".* FROM "users" WHERE "users"."id" = ?  ORDER BY "users"."id" ASC LIMIT 1[0m  [["id", 5]]
  [1m[35m (0.1ms)[0m  begin transaction
  [1m[36mSQL (0.3ms)[0m  [1mUPDATE "users" SET "restriction" = ?, "updated_at" = ? WHERE "users"."id" = ?[0m  [["restriction", ""], ["updated_at", "2016-05-12 01:17:17.330979"], ["id", 5]]
  [1m[35m (2.4ms)[0m  commit transaction
  Rendered users/_mood.html.erb (1.0ms)
  Rendered users/second_mood.js.erb (2.4ms)
Completed 200 OK in 16ms (Views: 5.8ms | ActiveRecord: 2.8ms)


Started GET "/assets/happy.svg" for ::1 at 2016-05-11 21:17:17 -0400


Started GET "/assets/sad.svg" for ::1 at 2016-05-11 21:17:17 -0400


Started POST "/questions/3?mood=true" for ::1 at 2016-05-11 21:17:18 -0400
Processing by UsersController#third_weather as JS
  Parameters: {"mood"=>"true"}
  [1m[36mUser Load (0.1ms)[0m  [1mSELECT  "users".* FROM "users" WHERE "users"."id" = ?  ORDER BY "users"."id" ASC LIMIT 1[0m  [["id", 5]]
  [1m[35m (0.1ms)[0m  begin transaction
  [1m[36mSQL (0.3ms)[0m  [1mUPDATE "users" SET "mood" = ?, "updated_at" = ? WHERE "users"."id" = ?[0m  [["mood", "t"], ["updated_at", "2016-05-12 01:17:18.910159"], ["id", 5]]
  [1m[35m (2.4ms)[0m  commit transaction
  Rendered users/_weather.html.erb (0.4ms)
  Rendered users/third_weather.js.erb (1.5ms)
Completed 200 OK in 10ms (Views: 3.4ms | ActiveRecord: 2.9ms)


Started GET "/assets/cold.svg" for ::1 at 2016-05-11 21:17:18 -0400


Started GET "/assets/hot.svg" for ::1 at 2016-05-11 21:17:18 -0400


Started POST "/questions/4?weather=true" for ::1 at 2016-05-11 21:17:19 -0400
Processing by UsersController#fourth_spicy as JS
  Parameters: {"weather"=>"true"}
  [1m[36mUser Load (0.2ms)[0m  [1mSELECT  "users".* FROM "users" WHERE "users"."id" = ?  ORDER BY "users"."id" ASC LIMIT 1[0m  [["id", 5]]
  [1m[35m (0.1ms)[0m  begin transaction
  [1m[36mSQL (0.5ms)[0m  [1mUPDATE "users" SET "weather" = ?, "updated_at" = ? WHERE "users"."id" = ?[0m  [["weather", "t"], ["updated_at", "2016-05-12 01:17:19.902132"], ["id", 5]]
  [1m[35m (3.2ms)[0m  commit transaction
  Rendered users/_spicy.html.erb (0.5ms)
  Rendered users/fourth_spicy.js.erb (1.6ms)
Completed 200 OK in 12ms (Views: 3.8ms | ActiveRecord: 3.9ms)


Started GET "/assets/spicy.svg" for ::1 at 2016-05-11 21:17:19 -0400


Started GET "/assets/nospicy.svg" for ::1 at 2016-05-11 21:17:19 -0400


Started POST "/questions/5?spicy=false" for ::1 at 2016-05-11 21:17:21 -0400
Processing by UsersController#fifth_healthy as JS
  Parameters: {"spicy"=>"false"}
  [1m[36mUser Load (0.2ms)[0m  [1mSELECT  "users".* FROM "users" WHERE "users"."id" = ?  ORDER BY "users"."id" ASC LIMIT 1[0m  [["id", 5]]
  [1m[35m (0.2ms)[0m  begin transaction
  [1m[36mSQL (0.4ms)[0m  [1mUPDATE "users" SET "spicy" = ?, "updated_at" = ? WHERE "users"."id" = ?[0m  [["spicy", "f"], ["updated_at", "2016-05-12 01:17:21.457605"], ["id", 5]]
  [1m[35m (2.6ms)[0m  commit transaction
  Rendered users/_healthy.html.erb (0.5ms)
  Rendered users/fifth_healthy.js.erb (1.6ms)
Completed 200 OK in 13ms (Views: 3.6ms | ActiveRecord: 3.4ms)


Started GET "/assets/couch-potato.png" for ::1 at 2016-05-11 21:17:21 -0400


Started GET "/assets/gym.svg" for ::1 at 2016-05-11 21:17:21 -0400


Started POST "/questions/6?healthy=false" for ::1 at 2016-05-11 21:17:22 -0400
Processing by UsersController#sixth_price as JS
  Parameters: {"healthy"=>"false"}
  [1m[36mUser Load (0.1ms)[0m  [1mSELECT  "users".* FROM "users" WHERE "users"."id" = ?  ORDER BY "users"."id" ASC LIMIT 1[0m  [["id", 5]]
  [1m[35m (0.1ms)[0m  begin transaction
  [1m[36mSQL (0.3ms)[0m  [1mUPDATE "users" SET "healthy" = ?, "updated_at" = ? WHERE "users"."id" = ?[0m  [["healthy", "f"], ["updated_at", "2016-05-12 01:17:22.966528"], ["id", 5]]
  [1m[35m (2.4ms)[0m  commit transaction
  Rendered users/_price.html.erb (0.9ms)
  Rendered users/sixth_price.js.erb (2.6ms)
Completed 200 OK in 12ms (Views: 6.0ms | ActiveRecord: 2.9ms)


Started GET "/assets/rich.svg" for ::1 at 2016-05-11 21:17:22 -0400


Started GET "/assets/poor.png" for ::1 at 2016-05-11 21:17:22 -0400


Started POST "/summary?price=false" for ::1 at 2016-05-11 21:17:24 -0400
Processing by UsersController#summary as JS
  Parameters: {"price"=>"false"}
  [1m[36mUser Load (0.2ms)[0m  [1mSELECT  "users".* FROM "users" WHERE "users"."id" = ?  ORDER BY "users"."id" ASC LIMIT 1[0m  [["id", 5]]
  [1m[35m (0.1ms)[0m  begin transaction
  [1m[36mSQL (0.5ms)[0m  [1mUPDATE "users" SET "price" = ?, "updated_at" = ? WHERE "users"."id" = ?[0m  [["price", "f"], ["updated_at", "2016-05-12 01:17:24.104960"], ["id", 5]]
  [1m[35m (3.0ms)[0m  commit transaction
  [1m[36m (0.1ms)[0m  [1mbegin transaction[0m
  [1m[35mSQL (0.2ms)[0m  UPDATE "users" SET "food_arr" = ?, "updated_at" = ? WHERE "users"."id" = ?  [["food_arr", "---\n- italian\n- latin\n- korean\n- foodstands\n- fishnchips\n- bbq\n- burgers\n- mediterranean\n- japanese\n- tradamerican\n- gastropubs\n- comfortfood\n- soulfood\n- sushi\n- hotdogs\n- pizza\n- indpak\n- delis\n- newamerican\n- sandwiches\n- salad\n- asianfusion\n- seafood\n"], ["updated_at", "2016-05-12 01:17:24.114641"], ["id", 5]]
  [1m[36m (1.5ms)[0m  [1mcommit transaction[0m
  Rendered users/_summary.html.erb (2.8ms)
  Rendered users/_loading.html.erb (0.1ms)
  Rendered users/summary.js.erb (5.8ms)
Completed 200 OK in 27ms (Views: 9.1ms | ActiveRecord: 5.6ms)


Started GET "/assets/loader.gif" for ::1 at 2016-05-11 21:17:30 -0400


Started POST "/choice-for-today" for ::1 at 2016-05-11 21:17:30 -0400
Processing by UsersController#show as HTML
  Parameters: {"utf8"=>"✓", "authenticity_token"=>"DRBtIDhisEFSJukvXuJqFgyMvqirzwva0xmhP7vrVL/oTH5GKlxNmgWjdqxkKV+NhBaiv2kkD5U1XY0WY0sw3A==", "user"=>{"latitude"=>"40.7027794", "longitude"=>"-74.0107475"}, "commit"=>"LET'S GET YOU FED"}
  [1m[35mUser Load (0.2ms)[0m  SELECT  "users".* FROM "users" WHERE "users"."id" = ?  ORDER BY "users"."id" ASC LIMIT 1  [["id", 5]]
  [1m[36m (0.1ms)[0m  [1mbegin transaction[0m
  [1m[35mSQL (0.3ms)[0m  UPDATE "users" SET "latitude" = ?, "longitude" = ?, "location" = ?, "updated_at" = ? WHERE "users"."id" = ?  [["latitude", 40.7027794], ["longitude", -74.0107475], ["location", "4 FDR Drive, New York, NY 10004, USA"], ["updated_at", "2016-05-12 01:17:30.397598"], ["id", 5]]
  [1m[36m (1.9ms)[0m  [1mcommit transaction[0m
Redirected to http://localhost:3000/search
Completed 302 Found in 272ms (ActiveRecord: 2.5ms)


Started GET "/search" for ::1 at 2016-05-11 21:17:30 -0400
Processing by UsersController#search as HTML
  [1m[35mUser Load (0.1ms)[0m  SELECT  "users".* FROM "users" WHERE "users"."id" = ?  ORDER BY "users"."id" ASC LIMIT 1  [["id", 5]]
  Rendered users/search.html.erb within layouts/application (0.6ms)
Completed 200 OK in 865ms (Views: 16.8ms | ActiveRecord: 0.1ms)


Started GET "/assets/home.svg" for ::1 at 2016-05-11 21:17:31 -0400


Started GET "/assets/phone.jpg" for ::1 at 2016-05-11 21:17:31 -0400


Started GET "/assets/logo.png" for ::1 at 2016-05-11 21:17:31 -0400


Started GET "/assets/telephone.svg" for ::1 at 2016-05-11 21:17:31 -0400


Started GET "/assets/yelp_logo.png" for ::1 at 2016-05-11 21:17:31 -0400


Started GET "/assets/gps.svg" for ::1 at 2016-05-11 21:17:31 -0400


Started GET "/" for ::1 at 2016-05-11 21:17:43 -0400
Processing by UsersController#index as HTML
  Rendered users/index.html.erb within layouts/application (0.3ms)
Completed 200 OK in 14ms (Views: 12.7ms | ActiveRecord: 0.0ms)


Started GET "/" for ::1 at 2016-06-01 16:31:25 -0400
  [1m[36mActiveRecord::SchemaMigration Load (0.1ms)[0m  [1mSELECT "schema_migrations".* FROM "schema_migrations"[0m
Processing by UsersController#index as HTML
  Rendered users/index.html.erb within layouts/application (5.3ms)
Completed 200 OK in 663ms (Views: 643.5ms | ActiveRecord: 0.0ms)


Started GET "/assets/main.self-bb9ce8f1a4667fae54a4be726cbe6229eddef182badb1c8b9a0f356f28887fc8.css?body=1" for ::1 at 2016-06-01 16:31:26 -0400


Started GET "/assets/scaffolds.self-f26bfb0cb4d94f304d785f185399e30e36feef305f12279bfda4a0e1bcd12a74.css?body=1" for ::1 at 2016-06-01 16:31:26 -0400


Started GET "/assets/users.self-e3b0c44298fc1c149afbf4c8996fb92427ae41e4649b934ca495991b7852b855.css?body=1" for ::1 at 2016-06-01 16:31:26 -0400


Started GET "/assets/turbolinks.self-3ad9a189e282f93d4e08b6b4af94c9dd70e5aaa8557b7704050a875ed67faf50.js?body=1" for ::1 at 2016-06-01 16:31:26 -0400


Started GET "/assets/application.self-3b8dabdc891efe46b9a144b400ad69e37d7e5876bdc39dee783419a69d7ca819.js?body=1" for ::1 at 2016-06-01 16:31:26 -0400


Started GET "/assets/phone.jpg" for ::1 at 2016-06-01 16:31:26 -0400


Started GET "/assets/home.svg" for ::1 at 2016-06-01 16:31:26 -0400


Started GET "/assets/logo.png" for ::1 at 2016-06-01 16:31:26 -0400


Started GET "/assets/yelp_logo.png" for ::1 at 2016-06-01 16:31:27 -0400


Started POST "/questions/1" for ::1 at 2016-06-01 16:31:29 -0400
Processing by UsersController#first_restriction as JS
  [1m[35m (0.1ms)[0m  begin transaction
  [1m[36mSQL (0.4ms)[0m  [1mINSERT INTO "users" ("created_at", "updated_at") VALUES (?, ?)[0m  [["created_at", "2016-06-01 20:31:29.749537"], ["updated_at", "2016-06-01 20:31:29.749537"]]
  [1m[35m (1.6ms)[0m  commit transaction
  Rendered users/_restriction.html.erb (1.2ms)
  Rendered users/first_restriction.js.erb (27.4ms)
Completed 200 OK in 118ms (Views: 33.9ms | ActiveRecord: 2.4ms)


Started GET "/assets/skip.svg" for ::1 at 2016-06-01 16:31:29 -0400


Started GET "/assets/kosher.svg" for ::1 at 2016-06-01 16:31:29 -0400


Started GET "/assets/vegetarian.svg" for ::1 at 2016-06-01 16:31:29 -0400


Started GET "/assets/halal.svg" for ::1 at 2016-06-01 16:31:29 -0400


Started POST "/questions/2?restriction=" for ::1 at 2016-06-01 16:31:32 -0400
Processing by UsersController#second_mood as JS
  Parameters: {"restriction"=>""}
  [1m[36mUser Load (0.2ms)[0m  [1mSELECT  "users".* FROM "users" WHERE "users"."id" = ?  ORDER BY "users"."id" ASC LIMIT 1[0m  [["id", 6]]
  [1m[35m (0.1ms)[0m  begin transaction
  [1m[36mSQL (0.3ms)[0m  [1mUPDATE "users" SET "restriction" = ?, "updated_at" = ? WHERE "users"."id" = ?[0m  [["restriction", ""], ["updated_at", "2016-06-01 20:31:32.303774"], ["id", 6]]
  [1m[35m (1.5ms)[0m  commit transaction
  Rendered users/_mood.html.erb (2.3ms)
  Rendered users/second_mood.js.erb (6.3ms)
Completed 200 OK in 30ms (Views: 9.2ms | ActiveRecord: 2.0ms)


Started GET "/assets/happy.svg" for ::1 at 2016-06-01 16:31:32 -0400


Started GET "/assets/sad.svg" for ::1 at 2016-06-01 16:31:32 -0400


Started POST "/questions/3?mood=true" for ::1 at 2016-06-01 16:31:33 -0400
Processing by UsersController#third_weather as JS
  Parameters: {"mood"=>"true"}
  [1m[36mUser Load (0.1ms)[0m  [1mSELECT  "users".* FROM "users" WHERE "users"."id" = ?  ORDER BY "users"."id" ASC LIMIT 1[0m  [["id", 6]]
  [1m[35m (0.1ms)[0m  begin transaction
  [1m[36mSQL (0.3ms)[0m  [1mUPDATE "users" SET "mood" = ?, "updated_at" = ? WHERE "users"."id" = ?[0m  [["mood", "t"], ["updated_at", "2016-06-01 20:31:33.158316"], ["id", 6]]
  [1m[35m (2.9ms)[0m  commit transaction
  Rendered users/_weather.html.erb (1.4ms)
  Rendered users/third_weather.js.erb (3.7ms)
Completed 200 OK in 15ms (Views: 8.2ms | ActiveRecord: 3.4ms)


Started GET "/assets/hot.svg" for ::1 at 2016-06-01 16:31:33 -0400


Started GET "/assets/cold.svg" for ::1 at 2016-06-01 16:31:33 -0400


Started POST "/questions/4?weather=true" for ::1 at 2016-06-01 16:31:33 -0400
Processing by UsersController#fourth_spicy as JS
  Parameters: {"weather"=>"true"}
  [1m[36mUser Load (0.1ms)[0m  [1mSELECT  "users".* FROM "users" WHERE "users"."id" = ?  ORDER BY "users"."id" ASC LIMIT 1[0m  [["id", 6]]
  [1m[35m (0.1ms)[0m  begin transaction
  [1m[36mSQL (0.4ms)[0m  [1mUPDATE "users" SET "weather" = ?, "updated_at" = ? WHERE "users"."id" = ?[0m  [["weather", "t"], ["updated_at", "2016-06-01 20:31:33.323302"], ["id", 6]]
  [1m[35m (2.8ms)[0m  commit transaction
  Rendered users/_spicy.html.erb (1.2ms)
  Rendered users/fourth_spicy.js.erb (3.7ms)
Completed 200 OK in 16ms (Views: 8.6ms | ActiveRecord: 3.3ms)


Started GET "/assets/spicy.svg" for ::1 at 2016-06-01 16:31:33 -0400


Started GET "/assets/nospicy.svg" for ::1 at 2016-06-01 16:31:33 -0400


Started POST "/questions/5?spicy=true" for ::1 at 2016-06-01 16:31:33 -0400
Processing by UsersController#fifth_healthy as JS
  Parameters: {"spicy"=>"true"}
  [1m[36mUser Load (0.2ms)[0m  [1mSELECT  "users".* FROM "users" WHERE "users"."id" = ?  ORDER BY "users"."id" ASC LIMIT 1[0m  [["id", 6]]
  [1m[35m (0.2ms)[0m  begin transaction
  [1m[36mSQL (0.5ms)[0m  [1mUPDATE "users" SET "spicy" = ?, "updated_at" = ? WHERE "users"."id" = ?[0m  [["spicy", "t"], ["updated_at", "2016-06-01 20:31:33.598556"], ["id", 6]]
  [1m[35m (1.6ms)[0m  commit transaction
  Rendered users/_healthy.html.erb (0.8ms)
  Rendered users/fifth_healthy.js.erb (3.3ms)
Completed 200 OK in 15ms (Views: 6.2ms | ActiveRecord: 2.5ms)


Started GET "/assets/gym.svg" for ::1 at 2016-06-01 16:31:33 -0400


Started GET "/assets/couch-potato.png" for ::1 at 2016-06-01 16:31:33 -0400


Started POST "/questions/6?healthy=true" for ::1 at 2016-06-01 16:31:33 -0400
Processing by UsersController#sixth_price as JS
  Parameters: {"healthy"=>"true"}
  [1m[36mUser Load (0.1ms)[0m  [1mSELECT  "users".* FROM "users" WHERE "users"."id" = ?  ORDER BY "users"."id" ASC LIMIT 1[0m  [["id", 6]]
  [1m[35m (0.1ms)[0m  begin transaction
  [1m[36mSQL (0.3ms)[0m  [1mUPDATE "users" SET "healthy" = ?, "updated_at" = ? WHERE "users"."id" = ?[0m  [["healthy", "t"], ["updated_at", "2016-06-01 20:31:33.741500"], ["id", 6]]
  [1m[35m (2.9ms)[0m  commit transaction
  Rendered users/_price.html.erb (0.9ms)
  Rendered users/sixth_price.js.erb (3.3ms)
Completed 200 OK in 16ms (Views: 8.8ms | ActiveRecord: 3.3ms)


Started GET "/assets/rich.svg" for ::1 at 2016-06-01 16:31:33 -0400


Started GET "/assets/poor.png" for ::1 at 2016-06-01 16:31:33 -0400


Started POST "/summary?price=false" for ::1 at 2016-06-01 16:31:33 -0400
Processing by UsersController#summary as JS
  Parameters: {"price"=>"false"}
  [1m[36mUser Load (0.2ms)[0m  [1mSELECT  "users".* FROM "users" WHERE "users"."id" = ?  ORDER BY "users"."id" ASC LIMIT 1[0m  [["id", 6]]
  [1m[35m (0.2ms)[0m  begin transaction
  [1m[36mSQL (0.4ms)[0m  [1mUPDATE "users" SET "price" = ?, "updated_at" = ? WHERE "users"."id" = ?[0m  [["price", "f"], ["updated_at", "2016-06-01 20:31:33.901838"], ["id", 6]]
  [1m[35m (2.6ms)[0m  commit transaction
  [1m[36m (0.1ms)[0m  [1mbegin transaction[0m
  [1m[35mSQL (0.3ms)[0m  UPDATE "users" SET "food_arr" = ?, "updated_at" = ? WHERE "users"."id" = ?  [["food_arr", "---\n- mexican\n- korean\n- seafood\n- italian\n- japanese\n- latin\n- thai\n- tradamerican\n- sushi\n- delis\n- salad\n- asianfusion\n- mediterranean\n- indpak\n- caribbean\n- sandwiches\n- newamerican\n"], ["updated_at", "2016-06-01 20:31:33.908082"], ["id", 6]]
  [1m[36m (1.7ms)[0m  [1mcommit transaction[0m
  Rendered users/_summary.html.erb (23.3ms)
  Rendered users/_loading.html.erb (0.5ms)
  Rendered users/summary.js.erb (29.6ms)
Completed 200 OK in 137ms (Views: 35.3ms | ActiveRecord: 5.3ms)


Started POST "/summary?price=false" for ::1 at 2016-06-01 16:31:34 -0400
Processing by UsersController#summary as JS
  Parameters: {"price"=>"false"}
  [1m[35mUser Load (0.1ms)[0m  SELECT  "users".* FROM "users" WHERE "users"."id" = ?  ORDER BY "users"."id" ASC LIMIT 1  [["id", 6]]
  [1m[36m (0.1ms)[0m  [1mbegin transaction[0m
  [1m[35m (0.1ms)[0m  commit transaction
  [1m[36m (0.1ms)[0m  [1mbegin transaction[0m
  [1m[35mSQL (1.7ms)[0m  UPDATE "users" SET "food_arr" = ?, "updated_at" = ? WHERE "users"."id" = ?  [["food_arr", "---\n- newamerican\n- tradamerican\n- sushi\n- mexican\n- seafood\n- indpak\n- caribbean\n- japanese\n- asianfusion\n- delis\n- italian\n- salad\n- korean\n- sandwiches\n- latin\n- thai\n- mediterranean\n"], ["updated_at", "2016-06-01 20:31:34.049967"], ["id", 6]]
  [1m[36m (1.8ms)[0m  [1mcommit transaction[0m
  Rendered users/_summary.html.erb (2.7ms)
  Rendered users/_loading.html.erb (1.4ms)
  Rendered users/summary.js.erb (11.5ms)
Completed 200 OK in 39ms (Views: 21.0ms | ActiveRecord: 3.9ms)


Started GET "/assets/loader.gif" for ::1 at 2016-06-01 16:31:40 -0400


Started POST "/choice-for-today" for ::1 at 2016-06-01 16:31:40 -0400
Processing by UsersController#show as HTML
  Parameters: {"utf8"=>"✓", "authenticity_token"=>"Cw7C2JszahUJ2G9CpWnz0fnSsjgNhVDJuJmhcSJxRJRST1k5/ceDFrWkS8PQn9l/RuBuwzFDDDBGUhjKOYx8UA==", "user"=>{"latitude"=>"40.6096838", "longitude"=>"-73.9107294"}, "commit"=>"LET'S GET YOU FED"}
  [1m[35mUser Load (0.1ms)[0m  SELECT  "users".* FROM "users" WHERE "users"."id" = ?  ORDER BY "users"."id" ASC LIMIT 1  [["id", 6]]
  [1m[36m (0.0ms)[0m  [1mbegin transaction[0m
  [1m[35mSQL (0.3ms)[0m  UPDATE "users" SET "latitude" = ?, "longitude" = ?, "location" = ?, "updated_at" = ? WHERE "users"."id" = ?  [["latitude", 40.6096838], ["longitude", -73.9107294], ["location", "2536 E 63rd St, Brooklyn, NY 11234, USA"], ["updated_at", "2016-06-01 20:31:40.659007"], ["id", 6]]
  [1m[36m (1.6ms)[0m  [1mcommit transaction[0m
Redirected to http://localhost:3000/search
Completed 302 Found in 637ms (ActiveRecord: 2.1ms)


Started GET "/search" for ::1 at 2016-06-01 16:31:40 -0400
Processing by UsersController#search as HTML
  [1m[35mUser Load (0.1ms)[0m  SELECT  "users".* FROM "users" WHERE "users"."id" = ?  ORDER BY "users"."id" ASC LIMIT 1  [["id", 6]]
  Rendered users/search.html.erb within layouts/application (1.4ms)
Completed 200 OK in 1106ms (Views: 17.2ms | ActiveRecord: 0.1ms)


Started GET "/assets/home.svg" for ::1 at 2016-06-01 16:31:41 -0400


Started GET "/assets/phone.jpg" for ::1 at 2016-06-01 16:31:41 -0400


Started GET "/assets/logo.png" for ::1 at 2016-06-01 16:31:41 -0400


Started GET "/assets/telephone.svg" for ::1 at 2016-06-01 16:31:41 -0400


Started GET "/assets/gps.svg" for ::1 at 2016-06-01 16:31:41 -0400


Started GET "/assets/yelp_logo.png" for ::1 at 2016-06-01 16:31:41 -0400
